<?xml version="1.0" encoding="utf-8"?><testsuites name="pytest tests"><testsuite name="pytest" errors="0" failures="0" skipped="0" tests="5" time="6.763" timestamp="2026-03-22T09:59:02.278682+00:00" hostname="agent-env-cb624ce6-1169-4c1b-8d8d-b479f5b65bce"><testcase classname="backend.tests.test_fast2sms_notifications_inbox_and_regression" name="test_fast2sms_path_is_used_for_booking_notifications" time="0.690" /><testcase classname="backend.tests.test_fast2sms_notifications_inbox_and_regression" name="test_user_notifications_get_and_mark_read" time="1.081" /><testcase classname="backend.tests.test_fast2sms_notifications_inbox_and_regression" name="test_assignment_updates_create_notification_attempts_and_user_inbox_entries" time="2.976" /><testcase classname="backend.tests.test_fast2sms_notifications_inbox_and_regression" name="test_admin_dispatch_renewal_reminders_endpoint_shape" time="0.396" /><testcase classname="backend.tests.test_fast2sms_notifications_inbox_and_regression" name="test_regression_user_login_booking_track_and_admin_overview" time="1.551" /></testsuite></testsuites>