<?xml version="1.0" encoding="utf-8"?><testsuites name="pytest tests"><testsuite name="pytest" errors="0" failures="0" skipped="0" tests="7" time="2.869" timestamp="2026-03-15T15:16:09.089042+00:00" hostname="agent-env-cb624ce6-1169-4c1b-8d8d-b479f5b65bce"><testcase classname="backend.tests.test_dial_for_help_api" name="test_root_health" time="0.185" /><testcase classname="backend.tests.test_dial_for_help_api" name="test_create_booking_and_verify_overview_persistence" time="0.496" /><testcase classname="backend.tests.test_dial_for_help_api" name="test_create_worker_signup_and_verify_overview" time="0.510" /><testcase classname="backend.tests.test_dial_for_help_api" name="test_create_contact_and_verify_overview" time="0.537" /><testcase classname="backend.tests.test_dial_for_help_api" name="test_admin_login_invalid_credentials" time="0.336" /><testcase classname="backend.tests.test_dial_for_help_api" name="test_admin_overview_requires_token" time="0.104" /><testcase classname="backend.tests.test_dial_for_help_api" name="test_update_booking_status_and_verify_in_overview" time="0.578" /></testsuite></testsuites>